AirplaceLogger/app/build/outputs/logs/manifest-merger-debug-report.txt
-- Merging decision tree log ---
manifest
ADDED from src\main\AndroidManifest.xml:2:1-38:12
	package
		ADDED from src\main\AndroidManifest.xml:3:2-36
		INJECTED from src\main\AndroidManifest.xml
		INJECTED from src\main\AndroidManifest.xml
	android:versionName
		ADDED from src\main\AndroidManifest.xml:4:26-51
		INJECTED from src\main\AndroidManifest.xml
		INJECTED from src\main\AndroidManifest.xml
	android:versionCode
		ADDED from src\main\AndroidManifest.xml:4:2-25
		INJECTED from src\main\AndroidManifest.xml
		INJECTED from src\main\AndroidManifest.xml
	xmlns:android
		ADDED from src\main\AndroidManifest.xml:2:11-69
	android:installLocation
		ADDED from src\main\AndroidManifest.xml:3:37-77
uses-sdk
ADDED from src\main\AndroidManifest.xml:5:2-40
	android:targetSdkVersion
		INJECTED from src\main\AndroidManifest.xml
		INJECTED from src\main\AndroidManifest.xml
	android:minSdkVersion
		ADDED from src\main\AndroidManifest.xml:5:12-37
		INJECTED from src\main\AndroidManifest.xml
		INJECTED from src\main\AndroidManifest.xml
uses-permission#android.permission.ACCESS_NETWORK_STATE
ADDED from src\main\AndroidManifest.xml:7:2-92
	android:name
		ADDED from src\main\AndroidManifest.xml:7:19-73
uses-permission#android.permission.WAKE_LOCK
ADDED from src\main\AndroidManifest.xml:8:2-81
	android:name
		ADDED from src\main\AndroidManifest.xml:8:19-62
uses-permission#android.permission.CHANGE_WIFI_STATE
ADDED from src\main\AndroidManifest.xml:9:2-89
	android:name
		ADDED from src\main\AndroidManifest.xml:9:19-70
uses-permission#android.permission.ACCESS_WIFI_STATE
ADDED from src\main\AndroidManifest.xml:10:2-89
	android:name
		ADDED from src\main\AndroidManifest.xml:10:19-70
uses-permission#android.permission.WRITE_EXTERNAL_STORAGE
ADDED from src\main\AndroidManifest.xml:11:2-78
	android:name
		ADDED from src\main\AndroidManifest.xml:11:19-75
uses-permission#android.permission.VIBRATE
ADDED from src\main\AndroidManifest.xml:12:2-63
	android:name
		ADDED from src\main\AndroidManifest.xml:12:19-60
uses-permission#android.permission.INTERNET
ADDED from src\main\AndroidManifest.xml:13:2-64
	android:name
		ADDED from src\main\AndroidManifest.xml:13:19-61
application
ADDED from src\main\AndroidManifest.xml:15:2-37:16
	android:label
		ADDED from src\main\AndroidManifest.xml:15:45-77
	android:icon
		ADDED from src\main\AndroidManifest.xml:15:15-44
activity#cy.com.airplacersslogger.RSSLogger
ADDED from src\main\AndroidManifest.xml:17:3-24:14
	android:screenOrientation
		ADDED from src\main\AndroidManifest.xml:18:4-40
	android:label
		ADDED from src\main\AndroidManifest.xml:17:39-71
	android:name
		ADDED from src\main\AndroidManifest.xml:17:13-38
intent-filter#android.intent.action.MAIN+android.intent.category.LAUNCHER
ADDED from src\main\AndroidManifest.xml:20:4-23:20
action#android.intent.action.MAIN
ADDED from src\main\AndroidManifest.xml:21:5-57
	android:name
		ADDED from src\main\AndroidManifest.xml:21:13-54
category#android.intent.category.LAUNCHER
ADDED from src\main\AndroidManifest.xml:22:5-65
	android:name
		ADDED from src\main\AndroidManifest.xml:22:15-62
activity#cy.com.airplacersslogger.Prefs
ADDED from src\main\AndroidManifest.xml:28:3-30:14
	android:screenOrientation
		ADDED from src\main\AndroidManifest.xml:29:4-40
	android:label
		ADDED from src\main\AndroidManifest.xml:28:35-69
	android:name
		ADDED from src\main\AndroidManifest.xml:28:13-34
activity#cy.com.airplacersslogger.FileBrowser.AndroidFileBrowser
ADDED from src\main\AndroidManifest.xml:32:3-34:14
	android:screenOrientation
		ADDED from src\main\AndroidManifest.xml:33:46-82
	android:label
		ADDED from src\main\AndroidManifest.xml:33:4-45
	android:name
		ADDED from src\main\AndroidManifest.xml:32:13-59